2025-06-17 13:39:28,267 - INFO - Applicatie gestart
2025-06-17 13:39:28,529 - DEBUG - Geselecteerd afbeeldingstype: pasfoto
2025-06-17 13:39:41,304 - INFO - Applicatie gestart
2025-06-17 13:39:41,363 - DEBUG - Geselecteerd afbeeldingstype: pasfoto
2025-06-17 13:39:41,364 - INFO - Bestand geüpload: Pasfoto Mikel Westen.png
2025-06-17 13:39:41,365 - INFO - Start verwerking upload: Pasfoto Mikel Westen.png (type: pasfoto)
2025-06-17 13:39:41,366 - DEBUG - Originele afmetingen: (466, 624)
2025-06-17 13:39:41,366 - DEBUG - Start validatie en resizing voor Pasfoto Mikel Westen.png (type: pasfoto)
2025-06-17 13:39:41,367 - DEBUG - Afbeelding succesvol geladen: Pasfoto Mikel Westen.png
2025-06-17 13:39:41,367 - DEBUG - Originele afmetingen: 466x624
2025-06-17 13:39:41,367 - INFO - Upload succesvol verwerkt: Pasfoto Mikel Westen.png
2025-06-17 13:39:41,435 - INFO - Afbeelding succesvol verwerkt en weergegeven: Pasfoto Mikel Westen.png
2025-06-17 13:39:53,926 - INFO - Applicatie gestart
2025-06-17 13:39:53,984 - DEBUG - Geselecteerd afbeeldingstype: pasfoto
2025-06-17 13:39:53,985 - INFO - Bestand geüpload: Pasfoto Mikel Westen.png
2025-06-17 13:39:53,985 - INFO - Start verwerking upload: Pasfoto Mikel Westen.png (type: pasfoto)
2025-06-17 13:39:53,986 - DEBUG - Originele afmetingen: (466, 624)
2025-06-17 13:39:53,987 - DEBUG - Start validatie en resizing voor Pasfoto Mikel Westen.png (type: pasfoto)
2025-06-17 13:39:53,987 - DEBUG - Afbeelding succesvol geladen: Pasfoto Mikel Westen.png
2025-06-17 13:39:53,988 - DEBUG - Originele afmetingen: 466x624
2025-06-17 13:39:53,988 - INFO - Upload succesvol verwerkt: Pasfoto Mikel Westen.png
2025-06-17 13:39:54,086 - INFO - Afbeelding succesvol verwerkt en weergegeven: Pasfoto Mikel Westen.png
2025-06-17 13:42:08,433 - INFO - Applicatie gestart
2025-06-17 13:42:08,503 - DEBUG - Geselecteerd afbeeldingstype: pasfoto
2025-06-17 13:42:08,504 - INFO - Bestand geüpload: Handtekening M. Westen.png
2025-06-17 13:42:08,504 - INFO - Start verwerking upload: Handtekening M. Westen.png (type: pasfoto)
2025-06-17 13:42:08,505 - DEBUG - Originele afmetingen: (246, 66)
2025-06-17 13:42:08,505 - DEBUG - Start validatie en resizing voor Handtekening M. Westen.png (type: pasfoto)
2025-06-17 13:42:08,506 - DEBUG - Afbeelding succesvol geladen: Handtekening M. Westen.png
2025-06-17 13:42:08,506 - DEBUG - Originele afmetingen: 246x66
2025-06-17 13:42:08,506 - DEBUG - Upscaling nodig: 1323x355
2025-06-17 13:42:08,506 - DEBUG - Downscaling nodig: 551x147
2025-06-17 13:42:08,510 - INFO - Afbeelding geresized van 246x66 naar 551x147
2025-06-17 13:42:08,510 - INFO - Upload succesvol verwerkt: Handtekening M. Westen.png
2025-06-17 13:42:08,533 - INFO - Afbeelding succesvol verwerkt en weergegeven: Handtekening M. Westen.png
2025-06-17 13:42:10,008 - INFO - Applicatie gestart
2025-06-17 13:42:10,067 - DEBUG - Geselecteerd afbeeldingstype: handtekening
2025-06-17 13:42:10,069 - INFO - Bestand geüpload: Handtekening M. Westen.png
2025-06-17 13:42:10,069 - INFO - Start verwerking upload: Handtekening M. Westen.png (type: handtekening)
2025-06-17 13:42:10,070 - DEBUG - Originele afmetingen: (246, 66)
2025-06-17 13:42:10,071 - DEBUG - Start validatie en resizing voor Handtekening M. Westen.png (type: handtekening)
2025-06-17 13:42:10,071 - DEBUG - Afbeelding succesvol geladen: Handtekening M. Westen.png
2025-06-17 13:42:10,072 - DEBUG - Originele afmetingen: 246x66
2025-06-17 13:42:10,072 - DEBUG - Upscaling nodig: 402x108
2025-06-17 13:42:10,077 - INFO - Afbeelding geresized van 246x66 naar 402x108
2025-06-17 13:42:10,077 - INFO - Upload succesvol verwerkt: Handtekening M. Westen.png
2025-06-17 13:42:10,097 - INFO - Afbeelding succesvol verwerkt en weergegeven: Handtekening M. Westen.png
2025-06-17 13:42:14,052 - INFO - Applicatie gestart
2025-06-17 13:42:14,114 - DEBUG - Geselecteerd afbeeldingstype: handtekening
2025-06-17 13:42:14,116 - INFO - Bestand geüpload: Handtekening M. Westen.png
2025-06-17 13:42:14,116 - INFO - Start verwerking upload: Handtekening M. Westen.png (type: handtekening)
2025-06-17 13:42:14,117 - DEBUG - Originele afmetingen: (246, 66)
2025-06-17 13:42:14,117 - DEBUG - Start validatie en resizing voor Handtekening M. Westen.png (type: handtekening)
2025-06-17 13:42:14,117 - DEBUG - Afbeelding succesvol geladen: Handtekening M. Westen.png
2025-06-17 13:42:14,117 - DEBUG - Originele afmetingen: 246x66
2025-06-17 13:42:14,117 - DEBUG - Upscaling nodig: 402x108
2025-06-17 13:42:14,120 - INFO - Afbeelding geresized van 246x66 naar 402x108
2025-06-17 13:42:14,120 - INFO - Upload succesvol verwerkt: Handtekening M. Westen.png
2025-06-17 13:42:14,139 - INFO - Afbeelding succesvol verwerkt en weergegeven: Handtekening M. Westen.png
2025-06-17 13:49:38,819 - INFO - Applicatie gestart
2025-06-17 13:49:38,865 - DEBUG - Geselecteerd afbeeldingstype: handtekening
2025-06-17 13:49:38,865 - INFO - Bestand geüpload: Pasfoto Bruno 2.jpg
2025-06-17 13:49:38,866 - INFO - Start verwerking upload: Pasfoto Bruno 2.jpg (type: handtekening)
2025-06-17 13:49:38,867 - DEBUG - Originele afmetingen: (781, 1036)
2025-06-17 13:49:38,867 - DEBUG - Start validatie en resizing voor Pasfoto Bruno 2.jpg (type: handtekening)
2025-06-17 13:49:38,867 - DEBUG - Afbeelding succesvol geladen: Pasfoto Bruno 2.jpg
2025-06-17 13:49:38,867 - DEBUG - Originele afmetingen: 781x1036
2025-06-17 13:49:38,868 - DEBUG - Downscaling nodig: 216x287
2025-06-17 13:49:38,897 - INFO - Afbeelding geresized van 781x1036 naar 216x287
2025-06-17 13:49:38,898 - INFO - Upload succesvol verwerkt: Pasfoto Bruno 2.jpg
2025-06-17 13:49:38,918 - INFO - Afbeelding succesvol verwerkt en weergegeven: Pasfoto Bruno 2.jpg
2025-06-17 13:49:40,345 - INFO - Applicatie gestart
2025-06-17 13:49:40,400 - DEBUG - Geselecteerd afbeeldingstype: pasfoto
2025-06-17 13:49:40,401 - INFO - Bestand geüpload: Pasfoto Bruno 2.jpg
2025-06-17 13:49:40,402 - INFO - Start verwerking upload: Pasfoto Bruno 2.jpg (type: pasfoto)
2025-06-17 13:49:40,402 - DEBUG - Originele afmetingen: (781, 1036)
2025-06-17 13:49:40,402 - DEBUG - Start validatie en resizing voor Pasfoto Bruno 2.jpg (type: pasfoto)
2025-06-17 13:49:40,403 - DEBUG - Afbeelding succesvol geladen: Pasfoto Bruno 2.jpg
2025-06-17 13:49:40,403 - DEBUG - Originele afmetingen: 781x1036
2025-06-17 13:49:40,403 - DEBUG - Downscaling nodig: 534x709
2025-06-17 13:49:40,435 - INFO - Afbeelding geresized van 781x1036 naar 534x709
2025-06-17 13:49:40,435 - INFO - Upload succesvol verwerkt: Pasfoto Bruno 2.jpg
2025-06-17 13:49:40,535 - INFO - Afbeelding succesvol verwerkt en weergegeven: Pasfoto Bruno 2.jpg
2025-06-17 13:49:49,441 - INFO - Applicatie gestart
2025-06-17 13:49:49,495 - DEBUG - Geselecteerd afbeeldingstype: pasfoto
2025-06-17 13:49:49,496 - INFO - Bestand geüpload: Pasfoto Bruno 2.jpg
2025-06-17 13:49:49,497 - INFO - Start verwerking upload: Pasfoto Bruno 2.jpg (type: pasfoto)
2025-06-17 13:49:49,497 - DEBUG - Originele afmetingen: (781, 1036)
2025-06-17 13:49:49,497 - DEBUG - Start validatie en resizing voor Pasfoto Bruno 2.jpg (type: pasfoto)
2025-06-17 13:49:49,498 - DEBUG - Afbeelding succesvol geladen: Pasfoto Bruno 2.jpg
2025-06-17 13:49:49,498 - DEBUG - Originele afmetingen: 781x1036
2025-06-17 13:49:49,498 - DEBUG - Downscaling nodig: 534x709
2025-06-17 13:49:49,535 - INFO - Afbeelding geresized van 781x1036 naar 534x709
2025-06-17 13:49:49,536 - INFO - Upload succesvol verwerkt: Pasfoto Bruno 2.jpg
2025-06-17 13:49:49,750 - INFO - Afbeelding succesvol verwerkt en weergegeven: Pasfoto Bruno 2.jpg
2025-06-17 13:52:56,755 - INFO - Applicatie gestart
2025-06-17 13:52:56,812 - DEBUG - Geselecteerd afbeeldingstype: pasfoto
2025-06-17 13:52:56,813 - INFO - Bestand geüpload: Handtekening B. Carvalho Da Silva.png
2025-06-17 13:52:56,814 - INFO - Start verwerking upload: Handtekening B. Carvalho Da Silva.png (type: pasfoto)
2025-06-17 13:52:56,814 - DEBUG - Originele afmetingen: (259, 70)
2025-06-17 13:52:56,815 - DEBUG - Start validatie en resizing voor Handtekening B. Carvalho Da Silva.png (type: pasfoto)
2025-06-17 13:52:56,815 - DEBUG - Afbeelding succesvol geladen: Handtekening B. Carvalho Da Silva.png
2025-06-17 13:52:56,816 - DEBUG - Originele afmetingen: 259x70
2025-06-17 13:52:56,816 - DEBUG - Upscaling nodig: 1313x355
2025-06-17 13:52:56,816 - DEBUG - Downscaling nodig: 551x148
2025-06-17 13:52:56,822 - INFO - Afbeelding geresized van 259x70 naar 551x148
2025-06-17 13:52:56,823 - INFO - Upload succesvol verwerkt: Handtekening B. Carvalho Da Silva.png
2025-06-17 13:52:56,842 - INFO - Afbeelding succesvol verwerkt en weergegeven: Handtekening B. Carvalho Da Silva.png
2025-06-17 13:52:57,606 - INFO - Applicatie gestart
2025-06-17 13:52:57,655 - DEBUG - Geselecteerd afbeeldingstype: handtekening
2025-06-17 13:52:57,655 - INFO - Bestand geüpload: Handtekening B. Carvalho Da Silva.png
2025-06-17 13:52:57,656 - INFO - Start verwerking upload: Handtekening B. Carvalho Da Silva.png (type: handtekening)
2025-06-17 13:52:57,657 - DEBUG - Originele afmetingen: (259, 70)
2025-06-17 13:52:57,657 - DEBUG - Start validatie en resizing voor Handtekening B. Carvalho Da Silva.png (type: handtekening)
2025-06-17 13:52:57,657 - DEBUG - Afbeelding succesvol geladen: Handtekening B. Carvalho Da Silva.png
2025-06-17 13:52:57,657 - DEBUG - Originele afmetingen: 259x70
2025-06-17 13:52:57,657 - DEBUG - Upscaling nodig: 399x108
2025-06-17 13:52:57,661 - INFO - Afbeelding geresized van 259x70 naar 399x108
2025-06-17 13:52:57,661 - INFO - Upload succesvol verwerkt: Handtekening B. Carvalho Da Silva.png
2025-06-17 13:52:57,676 - INFO - Afbeelding succesvol verwerkt en weergegeven: Handtekening B. Carvalho Da Silva.png
2025-06-17 13:53:00,063 - INFO - Applicatie gestart
2025-06-17 13:53:00,124 - DEBUG - Geselecteerd afbeeldingstype: handtekening
2025-06-17 13:53:00,125 - INFO - Bestand geüpload: Handtekening B. Carvalho Da Silva.png
2025-06-17 13:53:00,126 - INFO - Start verwerking upload: Handtekening B. Carvalho Da Silva.png (type: handtekening)
2025-06-17 13:53:00,127 - DEBUG - Originele afmetingen: (259, 70)
2025-06-17 13:53:00,127 - DEBUG - Start validatie en resizing voor Handtekening B. Carvalho Da Silva.png (type: handtekening)
2025-06-17 13:53:00,127 - DEBUG - Afbeelding succesvol geladen: Handtekening B. Carvalho Da Silva.png
2025-06-17 13:53:00,128 - DEBUG - Originele afmetingen: 259x70
2025-06-17 13:53:00,128 - DEBUG - Upscaling nodig: 399x108
2025-06-17 13:53:00,132 - INFO - Afbeelding geresized van 259x70 naar 399x108
2025-06-17 13:53:00,132 - INFO - Upload succesvol verwerkt: Handtekening B. Carvalho Da Silva.png
2025-06-17 13:53:00,164 - INFO - Afbeelding succesvol verwerkt en weergegeven: Handtekening B. Carvalho Da Silva.png
2025-06-17 17:24:55,973 - INFO - Applicatie gestart
2025-06-17 17:24:56,018 - DEBUG - Geselecteerd afbeeldingstype: pasfoto
